# JRE version: Java(TM) SE Runtime Environment (8.0_172-b11) (build 1.8.0_172-b11)
# Java VM: Java HotSpot(TM) 64-Bit Server VM (25.172-b11 mixed mode windows-amd64 compressed oops)
Heap:
 PSYoungGen      total 124928K, used 35399K [0x00000000d5f80000, 0x00000000e1c80000, 0x0000000100000000)
  eden space 113664K, 31% used [0x00000000d5f80000,0x00000000d8211ec0,0x00000000dce80000)
  from space 11264K, 0% used [0x00000000dce80000,0x00000000dce80000,0x00000000dd980000)
  to   space 12288K, 0% used [0x00000000e1080000,0x00000000e1080000,0x00000000e1c80000)
 ParOldGen       total 50176K, used 19401K [0x0000000081e00000, 0x0000000084f00000, 0x00000000d5f80000)
  object space 50176K, 38% used [0x0000000081e00000,0x00000000830f24e0,0x0000000084f00000)
 Metaspace       used 38299K, capacity 38952K, committed 39424K, reserved 1083392K
  class space    used 5304K, capacity 5538K, committed 5632K, reserved 1048576K
GC Heap History (10 events):
Event: 9.093 GC heap before
{Heap before GC invocations=7 (full 1):
 PSYoungGen      total 38400K, used 33280K [0x00000000d5f80000, 0x00000000db580000, 0x0000000100000000)
  eden space 33280K, 100% used [0x00000000d5f80000,0x00000000d8000000,0x00000000d8000000)
  from space 5120K, 0% used [0x00000000d8000000,0x00000000d8000000,0x00000000d8500000)
  to   space 10752K, 0% used [0x00000000dab00000,0x00000000dab00000,0x00000000db580000)
 ParOldGen       total 50176K, used 7734K [0x0000000081e00000, 0x0000000084f00000, 0x00000000d5f80000)
  object space 50176K, 15% used [0x0000000081e00000,0x000000008258d8b0,0x0000000084f00000)
 Metaspace       used 23479K, capacity 23706K, committed 23936K, reserved 1069056K
  class space    used 3286K, capacity 3395K, committed 3456K, reserved 1048576K
Event: 9.100 GC heap after
Heap after GC invocations=7 (full 1):
 PSYoungGen      total 69120K, used 3487K [0x00000000d5f80000, 0x00000000db180000, 0x0000000100000000)
  eden space 62464K, 0% used [0x00000000d5f80000,0x00000000d5f80000,0x00000000d9c80000)
  from space 6656K, 52% used [0x00000000dab00000,0x00000000dae67fa8,0x00000000db180000)
  to   space 10752K, 0% used [0x00000000d9c80000,0x00000000d9c80000,0x00000000da700000)
 ParOldGen       total 50176K, used 7742K [0x0000000081e00000, 0x0000000084f00000, 0x00000000d5f80000)
  object space 50176K, 15% used [0x0000000081e00000,0x000000008258f8b0,0x0000000084f00000)
 Metaspace       used 23479K, capacity 23706K, committed 23936K, reserved 1069056K
  class space    used 3286K, capacity 3395K, committed 3456K, reserved 1048576K
}
Event: 12.215 GC heap before
{Heap before GC invocations=8 (full 1):
 PSYoungGen      total 69120K, used 65951K [0x00000000d5f80000, 0x00000000db180000, 0x0000000100000000)
  eden space 62464K, 100% used [0x00000000d5f80000,0x00000000d9c80000,0x00000000d9c80000)
  from space 6656K, 52% used [0x00000000dab00000,0x00000000dae67fa8,0x00000000db180000)
  to   space 10752K, 0% used [0x00000000d9c80000,0x00000000d9c80000,0x00000000da700000)
 ParOldGen       total 50176K, used 7742K [0x0000000081e00000, 0x0000000084f00000, 0x00000000d5f80000)
  object space 50176K, 15% used [0x0000000081e00000,0x000000008258f8b0,0x0000000084f00000)
 Metaspace       used 27354K, capacity 27794K, committed 28032K, reserved 1073152K
  class space    used 3775K, capacity 3907K, committed 3968K, reserved 1048576K
Event: 12.238 GC heap after
Heap after GC invocations=8 (full 1):
 PSYoungGen      total 73216K, used 6328K [0x00000000d5f80000, 0x00000000de400000, 0x0000000100000000)
  eden space 62464K, 0% used [0x00000000d5f80000,0x00000000d5f80000,0x00000000d9c80000)
  from space 10752K, 58% used [0x00000000d9c80000,0x00000000da2ae3b8,0x00000000da700000)
  to   space 10240K, 0% used [0x00000000dda00000,0x00000000dda00000,0x00000000de400000)
 ParOldGen       total 50176K, used 7750K [0x0000000081e00000, 0x0000000084f00000, 0x00000000d5f80000)
  object space 50176K, 15% used [0x0000000081e00000,0x00000000825918b0,0x0000000084f00000)
 Metaspace       used 27354K, capacity 27794K, committed 28032K, reserved 1073152K
  class space    used 3775K, capacity 3907K, committed 3968K, reserved 1048576K
}
Event: 14.520 GC heap before
{Heap before GC invocations=9 (full 1):
 PSYoungGen      total 73216K, used 68792K [0x00000000d5f80000, 0x00000000de400000, 0x0000000100000000)
  eden space 62464K, 100% used [0x00000000d5f80000,0x00000000d9c80000,0x00000000d9c80000)
  from space 10752K, 58% used [0x00000000d9c80000,0x00000000da2ae3b8,0x00000000da700000)
  to   space 10240K, 0% used [0x00000000dda00000,0x00000000dda00000,0x00000000de400000)
 ParOldGen       total 50176K, used 7750K [0x0000000081e00000, 0x0000000084f00000, 0x00000000d5f80000)
  object space 50176K, 15% used [0x0000000081e00000,0x00000000825918b0,0x0000000084f00000)
 Metaspace       used 31591K, capacity 32112K, committed 32512K, reserved 1077248K
  class space    used 4321K, capacity 4520K, committed 4608K, reserved 1048576K
Event: 14.558 GC heap after
Heap after GC invocations=9 (full 1):
 PSYoungGen      total 123904K, used 9141K [0x00000000d5f80000, 0x00000000de480000, 0x0000000100000000)
  eden space 113664K, 0% used [0x00000000d5f80000,0x00000000d5f80000,0x00000000dce80000)
  from space 10240K, 89% used [0x00000000dda00000,0x00000000de2ed708,0x00000000de400000)
  to   space 11264K, 0% used [0x00000000dce80000,0x00000000dce80000,0x00000000dd980000)
 ParOldGen       total 50176K, used 7758K [0x0000000081e00000, 0x0000000084f00000, 0x00000000d5f80000)
  object space 50176K, 15% used [0x0000000081e00000,0x00000000825938b0,0x0000000084f00000)
 Metaspace       used 31591K, capacity 32112K, committed 32512K, reserved 1077248K
  class space    used 4321K, capacity 4520K, committed 4608K, reserved 1048576K
}
Event: 16.008 GC heap before
{Heap before GC invocations=10 (full 1):
 PSYoungGen      total 123904K, used 55763K [0x00000000d5f80000, 0x00000000de480000, 0x0000000100000000)
  eden space 113664K, 41% used [0x00000000d5f80000,0x00000000d8d07538,0x00000000dce80000)
  from space 10240K, 89% used [0x00000000dda00000,0x00000000de2ed708,0x00000000de400000)
  to   space 11264K, 0% used [0x00000000dce80000,0x00000000dce80000,0x00000000dd980000)
 ParOldGen       total 50176K, used 7758K [0x0000000081e00000, 0x0000000084f00000, 0x00000000d5f80000)
  object space 50176K, 15% used [0x0000000081e00000,0x00000000825938b0,0x0000000084f00000)
 Metaspace       used 34666K, capacity 35112K, committed 35456K, reserved 1079296K
  class space    used 4730K, capacity 4873K, committed 4992K, reserved 1048576K
Event: 16.039 GC heap after
Heap after GC invocations=10 (full 1):
 PSYoungGen      total 124928K, used 11186K [0x00000000d5f80000, 0x00000000e1c80000, 0x0000000100000000)
  eden space 113664K, 0% used [0x00000000d5f80000,0x00000000d5f80000,0x00000000dce80000)
  from space 11264K, 99% used [0x00000000dce80000,0x00000000dd96c888,0x00000000dd980000)
  to   space 12288K, 0% used [0x00000000e1080000,0x00000000e1080000,0x00000000e1c80000)
 ParOldGen       total 50176K, used 8935K [0x0000000081e00000, 0x0000000084f00000, 0x00000000d5f80000)
  object space 50176K, 17% used [0x0000000081e00000,0x00000000826b9cd0,0x0000000084f00000)
 Metaspace       used 34666K, capacity 35112K, committed 35456K, reserved 1079296K
  class space    used 4730K, capacity 4873K, committed 4992K, reserved 1048576K
}
Event: 16.039 GC heap before
{Heap before GC invocations=11 (full 2):
 PSYoungGen      total 124928K, used 11186K [0x00000000d5f80000, 0x00000000e1c80000, 0x0000000100000000)
  eden space 113664K, 0% used [0x00000000d5f80000,0x00000000d5f80000,0x00000000dce80000)
  from space 11264K, 99% used [0x00000000dce80000,0x00000000dd96c888,0x00000000dd980000)
  to   space 12288K, 0% used [0x00000000e1080000,0x00000000e1080000,0x00000000e1c80000)
 ParOldGen       total 50176K, used 8935K [0x0000000081e00000, 0x0000000084f00000, 0x00000000d5f80000)
  object space 50176K, 17% used [0x0000000081e00000,0x00000000826b9cd0,0x0000000084f00000)
 Metaspace       used 34666K, capacity 35112K, committed 35456K, reserved 1079296K
  class space    used 4730K, capacity 4873K, committed 4992K, reserved 1048576K
Event: 16.228 GC heap after
Heap after GC invocations=11 (full 2):
 PSYoungGen      total 124928K, used 0K [0x00000000d5f80000, 0x00000000e1c80000, 0x0000000100000000)
  eden space 113664K, 0% used [0x00000000d5f80000,0x00000000d5f80000,0x00000000dce80000)
  from space 11264K, 0% used [0x00000000dce80000,0x00000000dce80000,0x00000000dd980000)
  to   space 12288K, 0% used [0x00000000e1080000,0x00000000e1080000,0x00000000e1c80000)
 ParOldGen       total 50176K, used 19401K [0x0000000081e00000, 0x0000000084f00000, 0x00000000d5f80000)
  object space 50176K, 38% used [0x0000000081e00000,0x00000000830f24e0,0x0000000084f00000)
 Metaspace       used 34666K, capacity 35112K, committed 35456K, reserved 1079296K
  class space    used 4730K, capacity 4873K, committed 4992K, reserved 1048576K
}

