# JRE version: Java(TM) SE Runtime Environment (8.0_172-b11) (build 1.8.0_172-b11)
# Java VM: Java HotSpot(TM) 64-Bit Server VM (25.172-b11 mixed mode windows-amd64 compressed oops)
Heap:
 PSYoungGen      total 160768K, used 48556K [0x00000000d5f80000, 0x00000000e0880000, 0x0000000100000000)
  eden space 148480K, 27% used [0x00000000d5f80000,0x00000000d86c4c68,0x00000000df080000)
  from space 12288K, 67% used [0x00000000dfc80000,0x00000000e04a6780,0x00000000e0880000)
  to   space 12288K, 0% used [0x00000000df080000,0x00000000df080000,0x00000000dfc80000)
 ParOldGen       total 72704K, used 19361K [0x0000000081e00000, 0x0000000086500000, 0x00000000d5f80000)
  object space 72704K, 26% used [0x0000000081e00000,0x00000000830e8430,0x0000000086500000)
 Metaspace       used 44584K, capacity 45532K, committed 45568K, reserved 1089536K
  class space    used 6130K, capacity 6386K, committed 6400K, reserved 1048576K
GC Heap History (10 events):
Event: 19.511 GC heap before
{Heap before GC invocations=8 (full 1):
 PSYoungGen      total 66048K, used 64481K [0x00000000d5f80000, 0x00000000db000000, 0x0000000100000000)
  eden space 60928K, 100% used [0x00000000d5f80000,0x00000000d9b00000,0x00000000d9b00000)
  from space 5120K, 69% used [0x00000000dab00000,0x00000000dae78458,0x00000000db000000)
  to   space 10752K, 0% used [0x00000000d9b00000,0x00000000d9b00000,0x00000000da580000)
 ParOldGen       total 51712K, used 7812K [0x0000000081e00000, 0x0000000085080000, 0x00000000d5f80000)
  object space 51712K, 15% used [0x0000000081e00000,0x00000000825a11a8,0x0000000085080000)
 Metaspace       used 27401K, capacity 27820K, committed 28032K, reserved 1073152K
  class space    used 3782K, capacity 3937K, committed 3968K, reserved 1048576K
Event: 19.536 GC heap after
Heap after GC invocations=8 (full 1):
 PSYoungGen      total 71680K, used 6115K [0x00000000d5f80000, 0x00000000ddd80000, 0x0000000100000000)
  eden space 60928K, 0% used [0x00000000d5f80000,0x00000000d5f80000,0x00000000d9b00000)
  from space 10752K, 56% used [0x00000000d9b00000,0x00000000da0f8f48,0x00000000da580000)
  to   space 10240K, 0% used [0x00000000dd380000,0x00000000dd380000,0x00000000ddd80000)
 ParOldGen       total 51712K, used 7820K [0x0000000081e00000, 0x0000000085080000, 0x00000000d5f80000)
  object space 51712K, 15% used [0x0000000081e00000,0x00000000825a31a8,0x0000000085080000)
 Metaspace       used 27401K, capacity 27820K, committed 28032K, reserved 1073152K
  class space    used 3782K, capacity 3937K, committed 3968K, reserved 1048576K
}
Event: 24.492 GC heap before
{Heap before GC invocations=9 (full 1):
 PSYoungGen      total 71680K, used 67043K [0x00000000d5f80000, 0x00000000ddd80000, 0x0000000100000000)
  eden space 60928K, 100% used [0x00000000d5f80000,0x00000000d9b00000,0x00000000d9b00000)
  from space 10752K, 56% used [0x00000000d9b00000,0x00000000da0f8f48,0x00000000da580000)
  to   space 10240K, 0% used [0x00000000dd380000,0x00000000dd380000,0x00000000ddd80000)
 ParOldGen       total 51712K, used 7820K [0x0000000081e00000, 0x0000000085080000, 0x00000000d5f80000)
  object space 51712K, 15% used [0x0000000081e00000,0x00000000825a31a8,0x0000000085080000)
 Metaspace       used 31659K, capacity 32112K, committed 32512K, reserved 1077248K
  class space    used 4328K, capacity 4520K, committed 4608K, reserved 1048576K
Event: 24.517 GC heap after
Heap after GC invocations=9 (full 1):
 PSYoungGen      total 114688K, used 9017K [0x00000000d5f80000, 0x00000000ddc80000, 0x0000000100000000)
  eden space 105472K, 0% used [0x00000000d5f80000,0x00000000d5f80000,0x00000000dc680000)
  from space 9216K, 97% used [0x00000000dd380000,0x00000000ddc4e5a8,0x00000000ddc80000)
  to   space 11264K, 0% used [0x00000000dc680000,0x00000000dc680000,0x00000000dd180000)
 ParOldGen       total 51712K, used 7820K [0x0000000081e00000, 0x0000000085080000, 0x00000000d5f80000)
  object space 51712K, 15% used [0x0000000081e00000,0x00000000825a31a8,0x0000000085080000)
 Metaspace       used 31659K, capacity 32112K, committed 32512K, reserved 1077248K
  class space    used 4328K, capacity 4520K, committed 4608K, reserved 1048576K
}
Event: 30.590 GC heap before
{Heap before GC invocations=10 (full 1):
 PSYoungGen      total 114688K, used 56220K [0x00000000d5f80000, 0x00000000ddc80000, 0x0000000100000000)
  eden space 105472K, 44% used [0x00000000d5f80000,0x00000000d8d98d60,0x00000000dc680000)
  from space 9216K, 97% used [0x00000000dd380000,0x00000000ddc4e5a8,0x00000000ddc80000)
  to   space 11264K, 0% used [0x00000000dc680000,0x00000000dc680000,0x00000000dd180000)
 ParOldGen       total 51712K, used 7820K [0x0000000081e00000, 0x0000000085080000, 0x00000000d5f80000)
  object space 51712K, 15% used [0x0000000081e00000,0x00000000825a31a8,0x0000000085080000)
 Metaspace       used 34676K, capacity 35110K, committed 35456K, reserved 1079296K
  class space    used 4729K, capacity 4871K, committed 4992K, reserved 1048576K
Event: 30.610 GC heap after
Heap after GC invocations=10 (full 1):
 PSYoungGen      total 116736K, used 11061K [0x00000000d5f80000, 0x00000000e0880000, 0x0000000100000000)
  eden space 105472K, 0% used [0x00000000d5f80000,0x00000000d5f80000,0x00000000dc680000)
  from space 11264K, 98% used [0x00000000dc680000,0x00000000dd14d6c0,0x00000000dd180000)
  to   space 12288K, 0% used [0x00000000dfc80000,0x00000000dfc80000,0x00000000e0880000)
 ParOldGen       total 51712K, used 9000K [0x0000000081e00000, 0x0000000085080000, 0x00000000d5f80000)
  object space 51712K, 17% used [0x0000000081e00000,0x00000000826ca1b8,0x0000000085080000)
 Metaspace       used 34676K, capacity 35110K, committed 35456K, reserved 1079296K
  class space    used 4729K, capacity 4871K, committed 4992K, reserved 1048576K
}
Event: 30.610 GC heap before
{Heap before GC invocations=11 (full 2):
 PSYoungGen      total 116736K, used 11061K [0x00000000d5f80000, 0x00000000e0880000, 0x0000000100000000)
  eden space 105472K, 0% used [0x00000000d5f80000,0x00000000d5f80000,0x00000000dc680000)
  from space 11264K, 98% used [0x00000000dc680000,0x00000000dd14d6c0,0x00000000dd180000)
  to   space 12288K, 0% used [0x00000000dfc80000,0x00000000dfc80000,0x00000000e0880000)
 ParOldGen       total 51712K, used 9000K [0x0000000081e00000, 0x0000000085080000, 0x00000000d5f80000)
  object space 51712K, 17% used [0x0000000081e00000,0x00000000826ca1b8,0x0000000085080000)
 Metaspace       used 34676K, capacity 35110K, committed 35456K, reserved 1079296K
  class space    used 4729K, capacity 4871K, committed 4992K, reserved 1048576K
Event: 30.760 GC heap after
Heap after GC invocations=11 (full 2):
 PSYoungGen      total 116736K, used 0K [0x00000000d5f80000, 0x00000000e0880000, 0x0000000100000000)
  eden space 105472K, 0% used [0x00000000d5f80000,0x00000000d5f80000,0x00000000dc680000)
  from space 11264K, 0% used [0x00000000dc680000,0x00000000dc680000,0x00000000dd180000)
  to   space 12288K, 0% used [0x00000000dfc80000,0x00000000dfc80000,0x00000000e0880000)
 ParOldGen       total 72704K, used 19281K [0x0000000081e00000, 0x0000000086500000, 0x00000000d5f80000)
  object space 72704K, 26% used [0x0000000081e00000,0x00000000830d4408,0x0000000086500000)
 Metaspace       used 34676K, capacity 35110K, committed 35456K, reserved 1079296K
  class space    used 4729K, capacity 4871K, committed 4992K, reserved 1048576K
}
Event: 47.402 GC heap before
{Heap before GC invocations=12 (full 2):
 PSYoungGen      total 116736K, used 105472K [0x00000000d5f80000, 0x00000000e0880000, 0x0000000100000000)
  eden space 105472K, 100% used [0x00000000d5f80000,0x00000000dc680000,0x00000000dc680000)
  from space 11264K, 0% used [0x00000000dc680000,0x00000000dc680000,0x00000000dd180000)
  to   space 12288K, 0% used [0x00000000dfc80000,0x00000000dfc80000,0x00000000e0880000)
 ParOldGen       total 72704K, used 19281K [0x0000000081e00000, 0x0000000086500000, 0x00000000d5f80000)
  object space 72704K, 26% used [0x0000000081e00000,0x00000000830d4408,0x0000000086500000)
 Metaspace       used 43087K, capacity 43752K, committed 44032K, reserved 1087488K
  class space    used 5876K, capacity 6104K, committed 6144K, reserved 1048576K
Event: 47.415 GC heap after
Heap after GC invocations=12 (full 2):
 PSYoungGen      total 160768K, used 8345K [0x00000000d5f80000, 0x00000000e0880000, 0x0000000100000000)
  eden space 148480K, 0% used [0x00000000d5f80000,0x00000000d5f80000,0x00000000df080000)
  from space 12288K, 67% used [0x00000000dfc80000,0x00000000e04a6780,0x00000000e0880000)
  to   space 12288K, 0% used [0x00000000df080000,0x00000000df080000,0x00000000dfc80000)
 ParOldGen       total 72704K, used 19361K [0x0000000081e00000, 0x0000000086500000, 0x00000000d5f80000)
  object space 72704K, 26% used [0x0000000081e00000,0x00000000830e8430,0x0000000086500000)
 Metaspace       used 43087K, capacity 43752K, committed 44032K, reserved 1087488K
  class space    used 5876K, capacity 6104K, committed 6144K, reserved 1048576K
}

